<?xml version="1.0" encoding="UTF-8"?>
<!-- Generated by org.testng.reporters.JUnitReportReporter -->
<testsuite hostname="LAPTOP-75U6CEUP" failures="0" tests="1" name="com.opensource.qa.Admin" time="6.231" errors="0" timestamp="01 mar. 2022 17:24:36 GMT" skipped="0">
  <testcase classname="com.opensource.qa.Admin" name="tc007ValidateInvalidPassword" time="6.231"/>
</testsuite> <!-- com.opensource.qa.Admin -->
