<?xml version="1.0" encoding="UTF-8"?>
<!-- Generated by org.testng.reporters.JUnitReportReporter -->
<testsuite hostname="LAPTOP-75U6CEUP" failures="0" tests="1" name="com.google.FirstTest" time="4.144" errors="0" timestamp="04 mar. 2022 22:49:29 GMT" skipped="0">
  <testcase classname="com.google.FirstTest" name="googleTest" time="4.144"/>
</testsuite> <!-- com.google.FirstTest -->
