<?xml version="1.0" encoding="UTF-8"?>
<!-- Generated by org.testng.reporters.JUnitReportReporter -->
<testsuite hostname="LAPTOP-75U6CEUP" failures="0" tests="1" name="com.google.FirstTest" time="3.635" errors="0" timestamp="25 feb. 2022 21:42:55 GMT" skipped="0">
  <testcase classname="com.google.FirstTest" name="googleTest" time="3.635"/>
</testsuite> <!-- com.google.FirstTest -->
