<?xml version="1.0" encoding="UTF-8"?>
<!-- Generated by org.testng.reporters.JUnitReportReporter -->
<testsuite hostname="LAPTOP-75U6CEUP" failures="0" tests="1" name="com.google.FirstTest" time="4.171" errors="0" timestamp="12 feb. 2022 17:13:18 GMT" skipped="0">
  <testcase classname="com.google.FirstTest" name="googleTest" time="4.171"/>
</testsuite> <!-- com.google.FirstTest -->
