<?xml version="1.0" encoding="UTF-8"?>
<!-- Generated by org.testng.reporters.JUnitReportReporter -->
<testsuite hostname="LAPTOP-75U6CEUP" failures="0" tests="1" name="com.google.EjSelenium" time="3.293" errors="0" timestamp="25 feb. 2022 23:48:05 GMT" skipped="0">
  <testcase classname="com.google.EjSelenium" name="googleTest" time="3.293"/>
</testsuite> <!-- com.google.EjSelenium -->
